[07Feb2025 00:04:46.657] [Server thread/INFO] [net.minecraft.server.MinecraftServer/]: Jos3enriq has made the advancement [Enchanter]
[07Feb2025 00:07:39.546] [Server thread/WARN] [net.minecraft.server.MinecraftServer/]: Can't keep up! Is the server overloaded? Running 2003ms or 40 ticks behind
[07Feb2025 00:08:09.102] [Server thread/WARN] [net.minecraft.server.MinecraftServer/]: Can't keep up! Is the server overloaded? Running 2009ms or 40 ticks behind
[07Feb2025 00:17:22.845] [Server thread/WARN] [net.minecraft.server.network.ServerGamePacketListenerImpl/]: Brigg (vehicle of kevin123j2) moved wrongly! 1.220461872047963
[07Feb2025 00:17:22.900] [Server thread/WARN] [net.minecraft.server.network.ServerGamePacketListenerImpl/]: Brigg (vehicle of kevin123j2) moved wrongly! 1.6013739949647743
[07Feb2025 00:17:22.946] [Server thread/WARN] [net.minecraft.server.network.ServerGamePacketListenerImpl/]: Brigg (vehicle of kevin123j2) moved wrongly! 1.9913553624000997
[07Feb2025 00:17:23.005] [Server thread/WARN] [net.minecraft.server.network.ServerGamePacketListenerImpl/]: Brigg (vehicle of kevin123j2) moved wrongly! 0.3205605825123712
[07Feb2025 00:17:23.048] [Server thread/WARN] [net.minecraft.server.network.ServerGamePacketListenerImpl/]: Brigg (vehicle of kevin123j2) moved wrongly! 0.27115395376927154
[07Feb2025 00:20:28.675] [Server thread/INFO] [net.minecraft.server.network.ServerGamePacketListenerImpl/]: davisdrt lost connection: Disconnected
[07Feb2025 00:20:28.675] [Server thread/INFO] [net.minecraft.server.MinecraftServer/]: davisdrt left the game
[07Feb2025 00:20:32.219] [Server thread/INFO] [net.minecraft.world.entity.npc.Villager/]: Villager Villager['Loan'/6359, l='ServerLevel[world]', x=-2.53, y=73.00, z=-1922.41] died, message: 'Loan was killed by Witch using magic'
[07Feb2025 00:20:32.220] [Server thread/INFO] [net.minecraft.world.entity.LivingEntity/]: Named entity Villager['Loan'/6359, l='ServerLevel[world]', x=-2.53, y=73.00, z=-1922.41] died: Loan was killed by Witch using magic
[07Feb2025 00:20:38.315] [Server thread/INFO] [net.minecraft.world.entity.npc.Villager/]: Villager Villager['Sol'/6374, l='ServerLevel[world]', x=3.83, y=73.00, z=-1916.62] died, message: 'Sol was killed by Witch using magic'
[07Feb2025 00:20:38.315] [Server thread/INFO] [net.minecraft.world.entity.LivingEntity/]: Named entity Villager['Sol'/6374, l='ServerLevel[world]', x=3.83, y=73.00, z=-1916.62] died: Sol was killed by Witch using magic
[07Feb2025 00:20:39.507] [Server thread/INFO] [net.minecraft.server.players.PlayerList/]: davisdrt[/127.215.198.66:40539] logged in with entity id 19313 at (-58.778635090236136, 69.0, -1877.4183329973848)
[07Feb2025 00:20:39.529] [Server thread/INFO] [net.minecraft.server.MinecraftServer/]: davisdrt joined the game
[07Feb2025 00:20:39.593] [Server thread/INFO] [Jade/]: Syncing config to davisdrt (74cb11a5-0b51-3278-a2bf-301ecf3b38d0)
[07Feb2025 00:22:45.334] [Server thread/INFO] [net.minecraft.server.MinecraftServer/]: [Not Secure] <789123> zzz
[07Feb2025 00:23:08.459] [Server thread/INFO] [net.minecraft.server.MinecraftServer/]: davisdrt has made the advancement [Quite the Renovation]
[07Feb2025 00:24:06.126] [Server thread/INFO] [net.minecraft.server.MinecraftServer/]: [Not Secure] <davisdrt> se apago mi cel
[07Feb2025 00:24:09.421] [Server thread/INFO] [net.minecraft.server.MinecraftServer/]: [Not Secure] <davisdrt> xd
[07Feb2025 00:24:23.719] [Server thread/INFO] [net.minecraft.server.MinecraftServer/]: [Not Secure] <kevin123j2> DAVID CARGALO Y ENTRA A LA MML
[07Feb2025 00:25:46.440] [Server thread/INFO] [net.minecraft.server.MinecraftServer/]: [Not Secure] <kevin123j2> DAVID
[07Feb2025 00:25:58.570] [Server thread/INFO] [net.minecraft.server.MinecraftServer/]: [Not Secure] <davisdrt> que fue
[07Feb2025 00:26:09.824] [Server thread/INFO] [net.minecraft.server.MinecraftServer/]: [Not Secure] <kevin123j2> entraras en la llamada
[07Feb2025 00:26:14.527] [Server thread/INFO] [net.minecraft.server.MinecraftServer/]: [Not Secure] <davisdrt> si
[07Feb2025 00:26:20.022] [Server thread/INFO] [net.minecraft.server.MinecraftServer/]: [Not Secure] <kevin123j2> entra para ir
[07Feb2025 00:26:21.677] [Server thread/INFO] [net.minecraft.server.MinecraftServer/]: [Not Secure] <kevin123j2> y cord
[07Feb2025 00:26:36.578] [Server thread/INFO] [net.minecraft.server.MinecraftServer/]: [Not Secure] <davisdrt> inviten
[07Feb2025 00:26:59.869] [Server thread/INFO] [net.minecraft.server.MinecraftServer/]: [Not Secure] <Jos3enriq> ya esta invitado
[07Feb2025 00:27:07.970] [Server thread/INFO] [net.minecraft.server.MinecraftServer/]: [Not Secure] <Jos3enriq> ve al apartado de lalmadas, ahi deberia estar
[07Feb2025 00:29:47.362] [Server thread/INFO] [net.minecraft.server.MinecraftServer/]: Jos3enriq was incinerated by Fire Dragon
[07Feb2025 00:35:45.527] [Server thread/INFO] [net.minecraft.server.MinecraftServer/]: davisdrt has reached the goal [Who built this?]
[07Feb2025 00:35:49.683] [Server thread/INFO] [net.minecraft.server.MinecraftServer/]: kevin123j2 has reached the goal [Who built this?]
[07Feb2025 00:35:51.681] [Server thread/INFO] [net.minecraft.server.MinecraftServer/]: Jos3enriq has reached the goal [Who built this?]
[07Feb2025 00:36:27.771] [Server thread/INFO] [net.minecraft.server.MinecraftServer/]: 789123 withered away
[07Feb2025 00:37:11.047] [Server thread/INFO] [net.minecraft.server.network.ServerGamePacketListenerImpl/]: Jos3enriq lost connection: Disconnected
[07Feb2025 00:37:11.047] [Server thread/INFO] [net.minecraft.server.MinecraftServer/]: Jos3enriq left the game
[07Feb2025 00:37:12.327] [Server thread/INFO] [net.minecraft.server.network.ServerGamePacketListenerImpl/]: kevin123j2 lost connection: Disconnected
[07Feb2025 00:37:12.328] [Server thread/INFO] [net.minecraft.server.MinecraftServer/]: kevin123j2 left the game
[07Feb2025 00:37:13.177] [Server thread/INFO] [net.minecraft.server.network.ServerGamePacketListenerImpl/]: davisdrt lost connection: Disconnected
[07Feb2025 00:37:13.177] [Server thread/INFO] [net.minecraft.server.MinecraftServer/]: davisdrt left the game
[07Feb2025 00:37:21.238] [Server thread/INFO] [net.minecraft.server.players.PlayerList/]: davisdrt[/127.215.198.66:34779] logged in with entity id 24370 at (-12.86299965546215, -2.0, -2164.612615469396)
[07Feb2025 00:37:21.253] [Server thread/INFO] [net.minecraft.server.MinecraftServer/]: davisdrt joined the game
[07Feb2025 00:37:21.290] [Server thread/INFO] [Jade/]: Syncing config to davisdrt (74cb11a5-0b51-3278-a2bf-301ecf3b38d0)
[07Feb2025 00:37:24.730] [Server thread/INFO] [net.minecraft.server.players.PlayerList/]: Jos3enriq[/127.15.68.150:59251] logged in with entity id 24662 at (-14.60034791849931, -2.0, -2163.2442811651927)
[07Feb2025 00:37:24.752] [Server thread/INFO] [net.minecraft.server.MinecraftServer/]: Jos3enriq joined the game
[07Feb2025 00:37:24.833] [Server thread/INFO] [Jade/]: Syncing config to Jos3enriq (27cceb0a-89c4-3ca8-a9d5-ec610bc24b46)
[07Feb2025 00:37:25.317] [Server thread/INFO] [net.minecraft.server.players.PlayerList/]: kevin123j2[/127.197.221.252:55179] logged in with entity id 24663 at (-48.62225966079539, 0.0, -2155.063919494512)
[07Feb2025 00:37:25.348] [Server thread/INFO] [net.minecraft.server.MinecraftServer/]: kevin123j2 joined the game
[07Feb2025 00:37:25.430] [Server thread/INFO] [Jade/]: Syncing config to kevin123j2 (66256a26-dde2-30fc-b9f9-230690d21c47)
[07Feb2025 00:38:42.253] [Server thread/INFO] [net.minecraft.server.MinecraftServer/]: 789123 has reached the goal [Who built this?]
[07Feb2025 00:41:10.220] [Server thread/INFO] [net.minecraft.server.MinecraftServer/]: Jos3enriq was slain by The Moonflower
[07Feb2025 00:47:50.231] [Worker-Main-1/ERROR] [net.minecraft.world.entity.decoration.HangingEntity/]: Hanging entity at invalid position: BlockPos{x=216, y=47, z=211}
[07Feb2025 00:48:23.217] [Worker-Main-3/ERROR] [net.minecraft.world.entity.decoration.HangingEntity/]: Hanging entity at invalid position: BlockPos{x=203, y=48, z=159}
[07Feb2025 00:49:55.333] [Worker-Main-1/WARN] [net.minecraft.world.level.levelgen.structure.pools.JigsawPlacement/]: Empty or non-existent pool: minecraft:miner_main_room_pool
[07Feb2025 00:49:55.335] [Worker-Main-1/WARN] [net.minecraft.world.level.levelgen.structure.pools.JigsawPlacement/]: Empty or non-existent pool: minecraft:miner_additions_1_pool
[07Feb2025 00:49:55.335] [Worker-Main-1/WARN] [net.minecraft.world.level.levelgen.structure.pools.JigsawPlacement/]: Empty or non-existent pool: minecraft:miner_additions_3_pool
[07Feb2025 00:49:55.336] [Worker-Main-1/WARN] [net.minecraft.world.level.levelgen.structure.pools.JigsawPlacement/]: Empty or non-existent pool: minecraft:miner_additions_2_pool
[07Feb2025 00:52:51.670] [Server thread/INFO] [net.minecraft.server.network.ServerGamePacketListenerImpl/]: 789123 lost connection: Disconnected
[07Feb2025 00:52:51.671] [Server thread/INFO] [net.minecraft.server.MinecraftServer/]: 789123 left the game
[07Feb2025 00:57:35.445] [Server thread/INFO] [net.minecraft.server.players.PlayerList/]: 789123[/127.117.137.247:46123] logged in with entity id 32262 at (91.30000001192093, -2.0, -2279.699999988079)
[07Feb2025 00:57:35.459] [Server thread/INFO] [net.minecraft.server.MinecraftServer/]: 789123 joined the game
[07Feb2025 00:57:35.509] [Server thread/INFO] [Jade/]: Syncing config to 789123 (8dee5df8-aa2c-3636-ba39-85e868cf3747)
[07Feb2025 00:58:06.035] [Server thread/INFO] [net.minecraft.server.network.ServerGamePacketListenerImpl/]: kevin123j2 lost connection: Disconnected
[07Feb2025 00:58:06.035] [Server thread/INFO] [net.minecraft.server.MinecraftServer/]: kevin123j2 left the game
[07Feb2025 00:58:21.343] [Server thread/INFO] [net.minecraft.server.MinecraftServer/]: Jos3enriq has completed the challenge [Tactically Nuked]
[07Feb2025 00:59:23.522] [Server thread/INFO] [net.minecraft.server.players.PlayerList/]: kevin123j2[/127.197.221.252:47103] logged in with entity id 33048 at (-82.81944211850573, -4.0, -2145.857932789325)
[07Feb2025 00:59:23.547] [Server thread/INFO] [net.minecraft.server.MinecraftServer/]: kevin123j2 joined the game
[07Feb2025 00:59:23.632] [Server thread/INFO] [Jade/]: Syncing config to kevin123j2 (66256a26-dde2-30fc-b9f9-230690d21c47)
[07Feb2025 01:01:02.236] [Server thread/INFO] [net.minecraft.server.MinecraftServer/]: davisdrt has made the advancement [Deceived Hopes]
